STAR version=2.7.3a
STAR compilation time,server,dir=Tue Oct 8 14:26:19 EDT 2019 vega:/home/dobin/data/STAR/STARcode/STAR.master/source
##### Command Line:
STAR --runThreadN 55 --runMode genomeGenerate --genomeDir /scratch/dragon/intel/liz0f/KEEPME/anz/STAR_Firstindex --genomeFastaFiles /scratch/dragon/intel/liz0f/KEEPME/anz/ensembl_v97/Homo_sapiens.GRCh38.dna.primary_assembly.fa --sjdbGTFfile /scratch/dragon/intel/liz0f/KEEPME/anz/ensembl_v97/Homo_sapiens.GRCh38.97.chr.gtf
##### Initial USER parameters from Command Line:
###### All USER parameters from Command Line:
runThreadN                    55     ~RE-DEFINED
runMode                       genomeGenerate     ~RE-DEFINED
genomeDir                     /scratch/dragon/intel/liz0f/KEEPME/anz/STAR_Firstindex     ~RE-DEFINED
genomeFastaFiles              /scratch/dragon/intel/liz0f/KEEPME/anz/ensembl_v97/Homo_sapiens.GRCh38.dna.primary_assembly.fa        ~RE-DEFINED
sjdbGTFfile                   /scratch/dragon/intel/liz0f/KEEPME/anz/ensembl_v97/Homo_sapiens.GRCh38.97.chr.gtf     ~RE-DEFINED
##### Finished reading parameters from all sources

##### Final user re-defined parameters-----------------:
runMode                           genomeGenerate
runThreadN                        55
genomeDir                         /scratch/dragon/intel/liz0f/KEEPME/anz/STAR_Firstindex
genomeFastaFiles                  /scratch/dragon/intel/liz0f/KEEPME/anz/ensembl_v97/Homo_sapiens.GRCh38.dna.primary_assembly.fa   
sjdbGTFfile                       /scratch/dragon/intel/liz0f/KEEPME/anz/ensembl_v97/Homo_sapiens.GRCh38.97.chr.gtf

-------------------------------
##### Final effective command line:
STAR   --runMode genomeGenerate   --runThreadN 55   --genomeDir /scratch/dragon/intel/liz0f/KEEPME/anz/STAR_Firstindex   --genomeFastaFiles /scratch/dragon/intel/liz0f/KEEPME/anz/ensembl_v97/Homo_sapiens.GRCh38.dna.primary_assembly.fa      --sjdbGTFfile /scratch/dragon/intel/liz0f/KEEPME/anz/ensembl_v97/Homo_sapiens.GRCh38.97.chr.gtf
----------------------------------------

Finished loading and checking parameters
Apr 24 01:17:13 ... starting to generate Genome files
/scratch/dragon/intel/liz0f/KEEPME/anz/ensembl_v97/Homo_sapiens.GRCh38.dna.primary_assembly.fa : chr # 0  "1" chrStart: 0
/scratch/dragon/intel/liz0f/KEEPME/anz/ensembl_v97/Homo_sapiens.GRCh38.dna.primary_assembly.fa : chr # 1  "10" chrStart: 249036800
/scratch/dragon/intel/liz0f/KEEPME/anz/ensembl_v97/Homo_sapiens.GRCh38.dna.primary_assembly.fa : chr # 2  "11" chrStart: 382992384
/scratch/dragon/intel/liz0f/KEEPME/anz/ensembl_v97/Homo_sapiens.GRCh38.dna.primary_assembly.fa : chr # 3  "12" chrStart: 518258688
/scratch/dragon/intel/liz0f/KEEPME/anz/ensembl_v97/Homo_sapiens.GRCh38.dna.primary_assembly.fa : chr # 4  "13" chrStart: 651689984
/scratch/dragon/intel/liz0f/KEEPME/anz/ensembl_v97/Homo_sapiens.GRCh38.dna.primary_assembly.fa : chr # 5  "14" chrStart: 766246912
/scratch/dragon/intel/liz0f/KEEPME/anz/ensembl_v97/Homo_sapiens.GRCh38.dna.primary_assembly.fa : chr # 6  "15" chrStart: 873463808
/scratch/dragon/intel/liz0f/KEEPME/anz/ensembl_v97/Homo_sapiens.GRCh38.dna.primary_assembly.fa : chr # 7  "16" chrStart: 975699968
/scratch/dragon/intel/liz0f/KEEPME/anz/ensembl_v97/Homo_sapiens.GRCh38.dna.primary_assembly.fa : chr # 8  "17" chrStart: 1066139648
/scratch/dragon/intel/liz0f/KEEPME/anz/ensembl_v97/Homo_sapiens.GRCh38.dna.primary_assembly.fa : chr # 9  "18" chrStart: 1149501440
/scratch/dragon/intel/liz0f/KEEPME/anz/ensembl_v97/Homo_sapiens.GRCh38.dna.primary_assembly.fa : chr # 10  "19" chrStart: 1229979648
/scratch/dragon/intel/liz0f/KEEPME/anz/ensembl_v97/Homo_sapiens.GRCh38.dna.primary_assembly.fa : chr # 11  "2" chrStart: 1288699904
/scratch/dragon/intel/liz0f/KEEPME/anz/ensembl_v97/Homo_sapiens.GRCh38.dna.primary_assembly.fa : chr # 12  "20" chrStart: 1530920960
/scratch/dragon/intel/liz0f/KEEPME/anz/ensembl_v97/Homo_sapiens.GRCh38.dna.primary_assembly.fa : chr # 13  "21" chrStart: 1595408384
/scratch/dragon/intel/liz0f/KEEPME/anz/ensembl_v97/Homo_sapiens.GRCh38.dna.primary_assembly.fa : chr # 14  "22" chrStart: 1642332160
/scratch/dragon/intel/liz0f/KEEPME/anz/ensembl_v97/Homo_sapiens.GRCh38.dna.primary_assembly.fa : chr # 15  "3" chrStart: 1693188096
/scratch/dragon/intel/liz0f/KEEPME/anz/ensembl_v97/Homo_sapiens.GRCh38.dna.primary_assembly.fa : chr # 16  "4" chrStart: 1891631104
/scratch/dragon/intel/liz0f/KEEPME/anz/ensembl_v97/Homo_sapiens.GRCh38.dna.primary_assembly.fa : chr # 17  "5" chrStart: 2081947648
/scratch/dragon/intel/liz0f/KEEPME/anz/ensembl_v97/Homo_sapiens.GRCh38.dna.primary_assembly.fa : chr # 18  "6" chrStart: 2263613440
/scratch/dragon/intel/liz0f/KEEPME/anz/ensembl_v97/Homo_sapiens.GRCh38.dna.primary_assembly.fa : chr # 19  "7" chrStart: 2434531328
/scratch/dragon/intel/liz0f/KEEPME/anz/ensembl_v97/Homo_sapiens.GRCh38.dna.primary_assembly.fa : chr # 20  "8" chrStart: 2593914880
/scratch/dragon/intel/liz0f/KEEPME/anz/ensembl_v97/Homo_sapiens.GRCh38.dna.primary_assembly.fa : chr # 21  "9" chrStart: 2739142656
/scratch/dragon/intel/liz0f/KEEPME/anz/ensembl_v97/Homo_sapiens.GRCh38.dna.primary_assembly.fa : chr # 22  "MT" chrStart: 2877554688
/scratch/dragon/intel/liz0f/KEEPME/anz/ensembl_v97/Homo_sapiens.GRCh38.dna.primary_assembly.fa : chr # 23  "X" chrStart: 2877816832
/scratch/dragon/intel/liz0f/KEEPME/anz/ensembl_v97/Homo_sapiens.GRCh38.dna.primary_assembly.fa : chr # 24  "Y" chrStart: 3034054656
/scratch/dragon/intel/liz0f/KEEPME/anz/ensembl_v97/Homo_sapiens.GRCh38.dna.primary_assembly.fa : chr # 25  "KI270728.1" chrStart: 3091464192
/scratch/dragon/intel/liz0f/KEEPME/anz/ensembl_v97/Homo_sapiens.GRCh38.dna.primary_assembly.fa : chr # 26  "KI270727.1" chrStart: 3093561344
/scratch/dragon/intel/liz0f/KEEPME/anz/ensembl_v97/Homo_sapiens.GRCh38.dna.primary_assembly.fa : chr # 27  "KI270442.1" chrStart: 3094085632
/scratch/dragon/intel/liz0f/KEEPME/anz/ensembl_v97/Homo_sapiens.GRCh38.dna.primary_assembly.fa : chr # 28  "KI270729.1" chrStart: 3094609920
/scratch/dragon/intel/liz0f/KEEPME/anz/ensembl_v97/Homo_sapiens.GRCh38.dna.primary_assembly.fa : chr # 29  "GL000225.1" chrStart: 3095134208
/scratch/dragon/intel/liz0f/KEEPME/anz/ensembl_v97/Homo_sapiens.GRCh38.dna.primary_assembly.fa : chr # 30  "KI270743.1" chrStart: 3095396352
/scratch/dragon/intel/liz0f/KEEPME/anz/ensembl_v97/Homo_sapiens.GRCh38.dna.primary_assembly.fa : chr # 31  "GL000008.2" chrStart: 3095658496
/scratch/dragon/intel/liz0f/KEEPME/anz/ensembl_v97/Homo_sapiens.GRCh38.dna.primary_assembly.fa : chr # 32  "GL000009.2" chrStart: 3095920640
/scratch/dragon/intel/liz0f/KEEPME/anz/ensembl_v97/Homo_sapiens.GRCh38.dna.primary_assembly.fa : chr # 33  "KI270747.1" chrStart: 3096182784
/scratch/dragon/intel/liz0f/KEEPME/anz/ensembl_v97/Homo_sapiens.GRCh38.dna.primary_assembly.fa : chr # 34  "KI270722.1" chrStart: 3096444928
/scratch/dragon/intel/liz0f/KEEPME/anz/ensembl_v97/Homo_sapiens.GRCh38.dna.primary_assembly.fa : chr # 35  "GL000194.1" chrStart: 3096707072
/scratch/dragon/intel/liz0f/KEEPME/anz/ensembl_v97/Homo_sapiens.GRCh38.dna.primary_assembly.fa : chr # 36  "KI270742.1" chrStart: 3096969216
/scratch/dragon/intel/liz0f/KEEPME/anz/ensembl_v97/Homo_sapiens.GRCh38.dna.primary_assembly.fa : chr # 37  "GL000205.2" chrStart: 3097231360
/scratch/dragon/intel/liz0f/KEEPME/anz/ensembl_v97/Homo_sapiens.GRCh38.dna.primary_assembly.fa : chr # 38  "GL000195.1" chrStart: 3097493504
/scratch/dragon/intel/liz0f/KEEPME/anz/ensembl_v97/Homo_sapiens.GRCh38.dna.primary_assembly.fa : chr # 39  "KI270736.1" chrStart: 3097755648
/scratch/dragon/intel/liz0f/KEEPME/anz/ensembl_v97/Homo_sapiens.GRCh38.dna.primary_assembly.fa : chr # 40  "KI270733.1" chrStart: 3098017792
/scratch/dragon/intel/liz0f/KEEPME/anz/ensembl_v97/Homo_sapiens.GRCh38.dna.primary_assembly.fa : chr # 41  "GL000224.1" chrStart: 3098279936
/scratch/dragon/intel/liz0f/KEEPME/anz/ensembl_v97/Homo_sapiens.GRCh38.dna.primary_assembly.fa : chr # 42  "GL000219.1" chrStart: 3098542080
/scratch/dragon/intel/liz0f/KEEPME/anz/ensembl_v97/Homo_sapiens.GRCh38.dna.primary_assembly.fa : chr # 43  "KI270719.1" chrStart: 3098804224
/scratch/dragon/intel/liz0f/KEEPME/anz/ensembl_v97/Homo_sapiens.GRCh38.dna.primary_assembly.fa : chr # 44  "GL000216.2" chrStart: 3099066368
/scratch/dragon/intel/liz0f/KEEPME/anz/ensembl_v97/Homo_sapiens.GRCh38.dna.primary_assembly.fa : chr # 45  "KI270712.1" chrStart: 3099328512
/scratch/dragon/intel/liz0f/KEEPME/anz/ensembl_v97/Homo_sapiens.GRCh38.dna.primary_assembly.fa : chr # 46  "KI270706.1" chrStart: 3099590656
/scratch/dragon/intel/liz0f/KEEPME/anz/ensembl_v97/Homo_sapiens.GRCh38.dna.primary_assembly.fa : chr # 47  "KI270725.1" chrStart: 3099852800
/scratch/dragon/intel/liz0f/KEEPME/anz/ensembl_v97/Homo_sapiens.GRCh38.dna.primary_assembly.fa : chr # 48  "KI270744.1" chrStart: 3100114944
/scratch/dragon/intel/liz0f/KEEPME/anz/ensembl_v97/Homo_sapiens.GRCh38.dna.primary_assembly.fa : chr # 49  "KI270734.1" chrStart: 3100377088
/scratch/dragon/intel/liz0f/KEEPME/anz/ensembl_v97/Homo_sapiens.GRCh38.dna.primary_assembly.fa : chr # 50  "GL000213.1" chrStart: 3100639232
/scratch/dragon/intel/liz0f/KEEPME/anz/ensembl_v97/Homo_sapiens.GRCh38.dna.primary_assembly.fa : chr # 51  "GL000220.1" chrStart: 3100901376
/scratch/dragon/intel/liz0f/KEEPME/anz/ensembl_v97/Homo_sapiens.GRCh38.dna.primary_assembly.fa : chr # 52  "KI270715.1" chrStart: 3101163520
/scratch/dragon/intel/liz0f/KEEPME/anz/ensembl_v97/Homo_sapiens.GRCh38.dna.primary_assembly.fa : chr # 53  "GL000218.1" chrStart: 3101425664
/scratch/dragon/intel/liz0f/KEEPME/anz/ensembl_v97/Homo_sapiens.GRCh38.dna.primary_assembly.fa : chr # 54  "KI270749.1" chrStart: 3101687808
/scratch/dragon/intel/liz0f/KEEPME/anz/ensembl_v97/Homo_sapiens.GRCh38.dna.primary_assembly.fa : chr # 55  "KI270741.1" chrStart: 3101949952
/scratch/dragon/intel/liz0f/KEEPME/anz/ensembl_v97/Homo_sapiens.GRCh38.dna.primary_assembly.fa : chr # 56  "GL000221.1" chrStart: 3102212096
/scratch/dragon/intel/liz0f/KEEPME/anz/ensembl_v97/Homo_sapiens.GRCh38.dna.primary_assembly.fa : chr # 57  "KI270716.1" chrStart: 3102474240
/scratch/dragon/intel/liz0f/KEEPME/anz/ensembl_v97/Homo_sapiens.GRCh38.dna.primary_assembly.fa : chr # 58  "KI270731.1" chrStart: 3102736384
/scratch/dragon/intel/liz0f/KEEPME/anz/ensembl_v97/Homo_sapiens.GRCh38.dna.primary_assembly.fa : chr # 59  "KI270751.1" chrStart: 3102998528
/scratch/dragon/intel/liz0f/KEEPME/anz/ensembl_v97/Homo_sapiens.GRCh38.dna.primary_assembly.fa : chr # 60  "KI270750.1" chrStart: 3103260672
/scratch/dragon/intel/liz0f/KEEPME/anz/ensembl_v97/Homo_sapiens.GRCh38.dna.primary_assembly.fa : chr # 61  "KI270519.1" chrStart: 3103522816
/scratch/dragon/intel/liz0f/KEEPME/anz/ensembl_v97/Homo_sapiens.GRCh38.dna.primary_assembly.fa : chr # 62  "GL000214.1" chrStart: 3103784960
/scratch/dragon/intel/liz0f/KEEPME/anz/ensembl_v97/Homo_sapiens.GRCh38.dna.primary_assembly.fa : chr # 63  "KI270708.1" chrStart: 3104047104
/scratch/dragon/intel/liz0f/KEEPME/anz/ensembl_v97/Homo_sapiens.GRCh38.dna.primary_assembly.fa : chr # 64  "KI270730.1" chrStart: 3104309248
/scratch/dragon/intel/liz0f/KEEPME/anz/ensembl_v97/Homo_sapiens.GRCh38.dna.primary_assembly.fa : chr # 65  "KI270438.1" chrStart: 3104571392
/scratch/dragon/intel/liz0f/KEEPME/anz/ensembl_v97/Homo_sapiens.GRCh38.dna.primary_assembly.fa : chr # 66  "KI270737.1" chrStart: 3104833536
/scratch/dragon/intel/liz0f/KEEPME/anz/ensembl_v97/Homo_sapiens.GRCh38.dna.primary_assembly.fa : chr # 67  "KI270721.1" chrStart: 3105095680
/scratch/dragon/intel/liz0f/KEEPME/anz/ensembl_v97/Homo_sapiens.GRCh38.dna.primary_assembly.fa : chr # 68  "KI270738.1" chrStart: 3105357824
/scratch/dragon/intel/liz0f/KEEPME/anz/ensembl_v97/Homo_sapiens.GRCh38.dna.primary_assembly.fa : chr # 69  "KI270748.1" chrStart: 3105619968
/scratch/dragon/intel/liz0f/KEEPME/anz/ensembl_v97/Homo_sapiens.GRCh38.dna.primary_assembly.fa : chr # 70  "KI270435.1" chrStart: 3105882112
/scratch/dragon/intel/liz0f/KEEPME/anz/ensembl_v97/Homo_sapiens.GRCh38.dna.primary_assembly.fa : chr # 71  "GL000208.1" chrStart: 3106144256
/scratch/dragon/intel/liz0f/KEEPME/anz/ensembl_v97/Homo_sapiens.GRCh38.dna.primary_assembly.fa : chr # 72  "KI270538.1" chrStart: 3106406400
/scratch/dragon/intel/liz0f/KEEPME/anz/ensembl_v97/Homo_sapiens.GRCh38.dna.primary_assembly.fa : chr # 73  "KI270756.1" chrStart: 3106668544
/scratch/dragon/intel/liz0f/KEEPME/anz/ensembl_v97/Homo_sapiens.GRCh38.dna.primary_assembly.fa : chr # 74  "KI270739.1" chrStart: 3106930688
/scratch/dragon/intel/liz0f/KEEPME/anz/ensembl_v97/Homo_sapiens.GRCh38.dna.primary_assembly.fa : chr # 75  "KI270757.1" chrStart: 3107192832
/scratch/dragon/intel/liz0f/KEEPME/anz/ensembl_v97/Homo_sapiens.GRCh38.dna.primary_assembly.fa : chr # 76  "KI270709.1" chrStart: 3107454976
/scratch/dragon/intel/liz0f/KEEPME/anz/ensembl_v97/Homo_sapiens.GRCh38.dna.primary_assembly.fa : chr # 77  "KI270746.1" chrStart: 3107717120
/scratch/dragon/intel/liz0f/KEEPME/anz/ensembl_v97/Homo_sapiens.GRCh38.dna.primary_assembly.fa : chr # 78  "KI270753.1" chrStart: 3107979264
/scratch/dragon/intel/liz0f/KEEPME/anz/ensembl_v97/Homo_sapiens.GRCh38.dna.primary_assembly.fa : chr # 79  "KI270589.1" chrStart: 3108241408
/scratch/dragon/intel/liz0f/KEEPME/anz/ensembl_v97/Homo_sapiens.GRCh38.dna.primary_assembly.fa : chr # 80  "KI270726.1" chrStart: 3108503552
/scratch/dragon/intel/liz0f/KEEPME/anz/ensembl_v97/Homo_sapiens.GRCh38.dna.primary_assembly.fa : chr # 81  "KI270735.1" chrStart: 3108765696
/scratch/dragon/intel/liz0f/KEEPME/anz/ensembl_v97/Homo_sapiens.GRCh38.dna.primary_assembly.fa : chr # 82  "KI270711.1" chrStart: 3109027840
/scratch/dragon/intel/liz0f/KEEPME/anz/ensembl_v97/Homo_sapiens.GRCh38.dna.primary_assembly.fa : chr # 83  "KI270745.1" chrStart: 3109289984
/scratch/dragon/intel/liz0f/KEEPME/anz/ensembl_v97/Homo_sapiens.GRCh38.dna.primary_assembly.fa : chr # 84  "KI270714.1" chrStart: 3109552128
/scratch/dragon/intel/liz0f/KEEPME/anz/ensembl_v97/Homo_sapiens.GRCh38.dna.primary_assembly.fa : chr # 85  "KI270732.1" chrStart: 3109814272
/scratch/dragon/intel/liz0f/KEEPME/anz/ensembl_v97/Homo_sapiens.GRCh38.dna.primary_assembly.fa : chr # 86  "KI270713.1" chrStart: 3110076416
/scratch/dragon/intel/liz0f/KEEPME/anz/ensembl_v97/Homo_sapiens.GRCh38.dna.primary_assembly.fa : chr # 87  "KI270754.1" chrStart: 3110338560
/scratch/dragon/intel/liz0f/KEEPME/anz/ensembl_v97/Homo_sapiens.GRCh38.dna.primary_assembly.fa : chr # 88  "KI270710.1" chrStart: 3110600704
/scratch/dragon/intel/liz0f/KEEPME/anz/ensembl_v97/Homo_sapiens.GRCh38.dna.primary_assembly.fa : chr # 89  "KI270717.1" chrStart: 3110862848
/scratch/dragon/intel/liz0f/KEEPME/anz/ensembl_v97/Homo_sapiens.GRCh38.dna.primary_assembly.fa : chr # 90  "KI270724.1" chrStart: 3111124992
/scratch/dragon/intel/liz0f/KEEPME/anz/ensembl_v97/Homo_sapiens.GRCh38.dna.primary_assembly.fa : chr # 91  "KI270720.1" chrStart: 3111387136
/scratch/dragon/intel/liz0f/KEEPME/anz/ensembl_v97/Homo_sapiens.GRCh38.dna.primary_assembly.fa : chr # 92  "KI270723.1" chrStart: 3111649280
/scratch/dragon/intel/liz0f/KEEPME/anz/ensembl_v97/Homo_sapiens.GRCh38.dna.primary_assembly.fa : chr # 93  "KI270718.1" chrStart: 3111911424
/scratch/dragon/intel/liz0f/KEEPME/anz/ensembl_v97/Homo_sapiens.GRCh38.dna.primary_assembly.fa : chr # 94  "KI270317.1" chrStart: 3112173568
/scratch/dragon/intel/liz0f/KEEPME/anz/ensembl_v97/Homo_sapiens.GRCh38.dna.primary_assembly.fa : chr # 95  "KI270740.1" chrStart: 3112435712
/scratch/dragon/intel/liz0f/KEEPME/anz/ensembl_v97/Homo_sapiens.GRCh38.dna.primary_assembly.fa : chr # 96  "KI270755.1" chrStart: 3112697856
/scratch/dragon/intel/liz0f/KEEPME/anz/ensembl_v97/Homo_sapiens.GRCh38.dna.primary_assembly.fa : chr # 97  "KI270707.1" chrStart: 3112960000
/scratch/dragon/intel/liz0f/KEEPME/anz/ensembl_v97/Homo_sapiens.GRCh38.dna.primary_assembly.fa : chr # 98  "KI270579.1" chrStart: 3113222144
/scratch/dragon/intel/liz0f/KEEPME/anz/ensembl_v97/Homo_sapiens.GRCh38.dna.primary_assembly.fa : chr # 99  "KI270752.1" chrStart: 3113484288
/scratch/dragon/intel/liz0f/KEEPME/anz/ensembl_v97/Homo_sapiens.GRCh38.dna.primary_assembly.fa : chr # 100  "KI270512.1" chrStart: 3113746432
/scratch/dragon/intel/liz0f/KEEPME/anz/ensembl_v97/Homo_sapiens.GRCh38.dna.primary_assembly.fa : chr # 101  "KI270322.1" chrStart: 3114008576
/scratch/dragon/intel/liz0f/KEEPME/anz/ensembl_v97/Homo_sapiens.GRCh38.dna.primary_assembly.fa : chr # 102  "GL000226.1" chrStart: 3114270720
/scratch/dragon/intel/liz0f/KEEPME/anz/ensembl_v97/Homo_sapiens.GRCh38.dna.primary_assembly.fa : chr # 103  "KI270311.1" chrStart: 3114532864
/scratch/dragon/intel/liz0f/KEEPME/anz/ensembl_v97/Homo_sapiens.GRCh38.dna.primary_assembly.fa : chr # 104  "KI270366.1" chrStart: 3114795008
/scratch/dragon/intel/liz0f/KEEPME/anz/ensembl_v97/Homo_sapiens.GRCh38.dna.primary_assembly.fa : chr # 105  "KI270511.1" chrStart: 3115057152
/scratch/dragon/intel/liz0f/KEEPME/anz/ensembl_v97/Homo_sapiens.GRCh38.dna.primary_assembly.fa : chr # 106  "KI270448.1" chrStart: 3115319296
/scratch/dragon/intel/liz0f/KEEPME/anz/ensembl_v97/Homo_sapiens.GRCh38.dna.primary_assembly.fa : chr # 107  "KI270521.1" chrStart: 3115581440
/scratch/dragon/intel/liz0f/KEEPME/anz/ensembl_v97/Homo_sapiens.GRCh38.dna.primary_assembly.fa : chr # 108  "KI270581.1" chrStart: 3115843584
/scratch/dragon/intel/liz0f/KEEPME/anz/ensembl_v97/Homo_sapiens.GRCh38.dna.primary_assembly.fa : chr # 109  "KI270582.1" chrStart: 3116105728
/scratch/dragon/intel/liz0f/KEEPME/anz/ensembl_v97/Homo_sapiens.GRCh38.dna.primary_assembly.fa : chr # 110  "KI270515.1" chrStart: 3116367872
/scratch/dragon/intel/liz0f/KEEPME/anz/ensembl_v97/Homo_sapiens.GRCh38.dna.primary_assembly.fa : chr # 111  "KI270588.1" chrStart: 3116630016
/scratch/dragon/intel/liz0f/KEEPME/anz/ensembl_v97/Homo_sapiens.GRCh38.dna.primary_assembly.fa : chr # 112  "KI270591.1" chrStart: 3116892160
/scratch/dragon/intel/liz0f/KEEPME/anz/ensembl_v97/Homo_sapiens.GRCh38.dna.primary_assembly.fa : chr # 113  "KI270522.1" chrStart: 3117154304
/scratch/dragon/intel/liz0f/KEEPME/anz/ensembl_v97/Homo_sapiens.GRCh38.dna.primary_assembly.fa : chr # 114  "KI270507.1" chrStart: 3117416448
/scratch/dragon/intel/liz0f/KEEPME/anz/ensembl_v97/Homo_sapiens.GRCh38.dna.primary_assembly.fa : chr # 115  "KI270590.1" chrStart: 3117678592
/scratch/dragon/intel/liz0f/KEEPME/anz/ensembl_v97/Homo_sapiens.GRCh38.dna.primary_assembly.fa : chr # 116  "KI270584.1" chrStart: 3117940736
/scratch/dragon/intel/liz0f/KEEPME/anz/ensembl_v97/Homo_sapiens.GRCh38.dna.primary_assembly.fa : chr # 117  "KI270320.1" chrStart: 3118202880
/scratch/dragon/intel/liz0f/KEEPME/anz/ensembl_v97/Homo_sapiens.GRCh38.dna.primary_assembly.fa : chr # 118  "KI270382.1" chrStart: 3118465024
/scratch/dragon/intel/liz0f/KEEPME/anz/ensembl_v97/Homo_sapiens.GRCh38.dna.primary_assembly.fa : chr # 119  "KI270468.1" chrStart: 3118727168
/scratch/dragon/intel/liz0f/KEEPME/anz/ensembl_v97/Homo_sapiens.GRCh38.dna.primary_assembly.fa : chr # 120  "KI270467.1" chrStart: 3118989312
/scratch/dragon/intel/liz0f/KEEPME/anz/ensembl_v97/Homo_sapiens.GRCh38.dna.primary_assembly.fa : chr # 121  "KI270362.1" chrStart: 3119251456
/scratch/dragon/intel/liz0f/KEEPME/anz/ensembl_v97/Homo_sapiens.GRCh38.dna.primary_assembly.fa : chr # 122  "KI270517.1" chrStart: 3119513600
/scratch/dragon/intel/liz0f/KEEPME/anz/ensembl_v97/Homo_sapiens.GRCh38.dna.primary_assembly.fa : chr # 123  "KI270593.1" chrStart: 3119775744
/scratch/dragon/intel/liz0f/KEEPME/anz/ensembl_v97/Homo_sapiens.GRCh38.dna.primary_assembly.fa : chr # 124  "KI270528.1" chrStart: 3120037888
/scratch/dragon/intel/liz0f/KEEPME/anz/ensembl_v97/Homo_sapiens.GRCh38.dna.primary_assembly.fa : chr # 125  "KI270587.1" chrStart: 3120300032
/scratch/dragon/intel/liz0f/KEEPME/anz/ensembl_v97/Homo_sapiens.GRCh38.dna.primary_assembly.fa : chr # 126  "KI270364.1" chrStart: 3120562176
/scratch/dragon/intel/liz0f/KEEPME/anz/ensembl_v97/Homo_sapiens.GRCh38.dna.primary_assembly.fa : chr # 127  "KI270371.1" chrStart: 3120824320
/scratch/dragon/intel/liz0f/KEEPME/anz/ensembl_v97/Homo_sapiens.GRCh38.dna.primary_assembly.fa : chr # 128  "KI270333.1" chrStart: 3121086464
/scratch/dragon/intel/liz0f/KEEPME/anz/ensembl_v97/Homo_sapiens.GRCh38.dna.primary_assembly.fa : chr # 129  "KI270374.1" chrStart: 3121348608
/scratch/dragon/intel/liz0f/KEEPME/anz/ensembl_v97/Homo_sapiens.GRCh38.dna.primary_assembly.fa : chr # 130  "KI270411.1" chrStart: 3121610752
/scratch/dragon/intel/liz0f/KEEPME/anz/ensembl_v97/Homo_sapiens.GRCh38.dna.primary_assembly.fa : chr # 131  "KI270414.1" chrStart: 3121872896
/scratch/dragon/intel/liz0f/KEEPME/anz/ensembl_v97/Homo_sapiens.GRCh38.dna.primary_assembly.fa : chr # 132  "KI270510.1" chrStart: 3122135040
/scratch/dragon/intel/liz0f/KEEPME/anz/ensembl_v97/Homo_sapiens.GRCh38.dna.primary_assembly.fa : chr # 133  "KI270390.1" chrStart: 3122397184
/scratch/dragon/intel/liz0f/KEEPME/anz/ensembl_v97/Homo_sapiens.GRCh38.dna.primary_assembly.fa : chr # 134  "KI270375.1" chrStart: 3122659328
/scratch/dragon/intel/liz0f/KEEPME/anz/ensembl_v97/Homo_sapiens.GRCh38.dna.primary_assembly.fa : chr # 135  "KI270420.1" chrStart: 3122921472
/scratch/dragon/intel/liz0f/KEEPME/anz/ensembl_v97/Homo_sapiens.GRCh38.dna.primary_assembly.fa : chr # 136  "KI270509.1" chrStart: 3123183616
/scratch/dragon/intel/liz0f/KEEPME/anz/ensembl_v97/Homo_sapiens.GRCh38.dna.primary_assembly.fa : chr # 137  "KI270315.1" chrStart: 3123445760
/scratch/dragon/intel/liz0f/KEEPME/anz/ensembl_v97/Homo_sapiens.GRCh38.dna.primary_assembly.fa : chr # 138  "KI270302.1" chrStart: 3123707904
/scratch/dragon/intel/liz0f/KEEPME/anz/ensembl_v97/Homo_sapiens.GRCh38.dna.primary_assembly.fa : chr # 139  "KI270518.1" chrStart: 3123970048
/scratch/dragon/intel/liz0f/KEEPME/anz/ensembl_v97/Homo_sapiens.GRCh38.dna.primary_assembly.fa : chr # 140  "KI270530.1" chrStart: 3124232192
/scratch/dragon/intel/liz0f/KEEPME/anz/ensembl_v97/Homo_sapiens.GRCh38.dna.primary_assembly.fa : chr # 141  "KI270304.1" chrStart: 3124494336
/scratch/dragon/intel/liz0f/KEEPME/anz/ensembl_v97/Homo_sapiens.GRCh38.dna.primary_assembly.fa : chr # 142  "KI270418.1" chrStart: 3124756480
/scratch/dragon/intel/liz0f/KEEPME/anz/ensembl_v97/Homo_sapiens.GRCh38.dna.primary_assembly.fa : chr # 143  "KI270424.1" chrStart: 3125018624
/scratch/dragon/intel/liz0f/KEEPME/anz/ensembl_v97/Homo_sapiens.GRCh38.dna.primary_assembly.fa : chr # 144  "KI270417.1" chrStart: 3125280768
/scratch/dragon/intel/liz0f/KEEPME/anz/ensembl_v97/Homo_sapiens.GRCh38.dna.primary_assembly.fa : chr # 145  "KI270508.1" chrStart: 3125542912
/scratch/dragon/intel/liz0f/KEEPME/anz/ensembl_v97/Homo_sapiens.GRCh38.dna.primary_assembly.fa : chr # 146  "KI270303.1" chrStart: 3125805056
/scratch/dragon/intel/liz0f/KEEPME/anz/ensembl_v97/Homo_sapiens.GRCh38.dna.primary_assembly.fa : chr # 147  "KI270381.1" chrStart: 3126067200
/scratch/dragon/intel/liz0f/KEEPME/anz/ensembl_v97/Homo_sapiens.GRCh38.dna.primary_assembly.fa : chr # 148  "KI270529.1" chrStart: 3126329344
/scratch/dragon/intel/liz0f/KEEPME/anz/ensembl_v97/Homo_sapiens.GRCh38.dna.primary_assembly.fa : chr # 149  "KI270425.1" chrStart: 3126591488
/scratch/dragon/intel/liz0f/KEEPME/anz/ensembl_v97/Homo_sapiens.GRCh38.dna.primary_assembly.fa : chr # 150  "KI270396.1" chrStart: 3126853632
/scratch/dragon/intel/liz0f/KEEPME/anz/ensembl_v97/Homo_sapiens.GRCh38.dna.primary_assembly.fa : chr # 151  "KI270363.1" chrStart: 3127115776
/scratch/dragon/intel/liz0f/KEEPME/anz/ensembl_v97/Homo_sapiens.GRCh38.dna.primary_assembly.fa : chr # 152  "KI270386.1" chrStart: 3127377920
/scratch/dragon/intel/liz0f/KEEPME/anz/ensembl_v97/Homo_sapiens.GRCh38.dna.primary_assembly.fa : chr # 153  "KI270465.1" chrStart: 3127640064
/scratch/dragon/intel/liz0f/KEEPME/anz/ensembl_v97/Homo_sapiens.GRCh38.dna.primary_assembly.fa : chr # 154  "KI270383.1" chrStart: 3127902208
/scratch/dragon/intel/liz0f/KEEPME/anz/ensembl_v97/Homo_sapiens.GRCh38.dna.primary_assembly.fa : chr # 155  "KI270384.1" chrStart: 3128164352
/scratch/dragon/intel/liz0f/KEEPME/anz/ensembl_v97/Homo_sapiens.GRCh38.dna.primary_assembly.fa : chr # 156  "KI270330.1" chrStart: 3128426496
/scratch/dragon/intel/liz0f/KEEPME/anz/ensembl_v97/Homo_sapiens.GRCh38.dna.primary_assembly.fa : chr # 157  "KI270372.1" chrStart: 3128688640
/scratch/dragon/intel/liz0f/KEEPME/anz/ensembl_v97/Homo_sapiens.GRCh38.dna.primary_assembly.fa : chr # 158  "KI270548.1" chrStart: 3128950784
/scratch/dragon/intel/liz0f/KEEPME/anz/ensembl_v97/Homo_sapiens.GRCh38.dna.primary_assembly.fa : chr # 159  "KI270580.1" chrStart: 3129212928
/scratch/dragon/intel/liz0f/KEEPME/anz/ensembl_v97/Homo_sapiens.GRCh38.dna.primary_assembly.fa : chr # 160  "KI270387.1" chrStart: 3129475072
/scratch/dragon/intel/liz0f/KEEPME/anz/ensembl_v97/Homo_sapiens.GRCh38.dna.primary_assembly.fa : chr # 161  "KI270391.1" chrStart: 3129737216
/scratch/dragon/intel/liz0f/KEEPME/anz/ensembl_v97/Homo_sapiens.GRCh38.dna.primary_assembly.fa : chr # 162  "KI270305.1" chrStart: 3129999360
/scratch/dragon/intel/liz0f/KEEPME/anz/ensembl_v97/Homo_sapiens.GRCh38.dna.primary_assembly.fa : chr # 163  "KI270373.1" chrStart: 3130261504
/scratch/dragon/intel/liz0f/KEEPME/anz/ensembl_v97/Homo_sapiens.GRCh38.dna.primary_assembly.fa : chr # 164  "KI270422.1" chrStart: 3130523648
/scratch/dragon/intel/liz0f/KEEPME/anz/ensembl_v97/Homo_sapiens.GRCh38.dna.primary_assembly.fa : chr # 165  "KI270316.1" chrStart: 3130785792
/scratch/dragon/intel/liz0f/KEEPME/anz/ensembl_v97/Homo_sapiens.GRCh38.dna.primary_assembly.fa : chr # 166  "KI270340.1" chrStart: 3131047936
/scratch/dragon/intel/liz0f/KEEPME/anz/ensembl_v97/Homo_sapiens.GRCh38.dna.primary_assembly.fa : chr # 167  "KI270338.1" chrStart: 3131310080
/scratch/dragon/intel/liz0f/KEEPME/anz/ensembl_v97/Homo_sapiens.GRCh38.dna.primary_assembly.fa : chr # 168  "KI270583.1" chrStart: 3131572224
/scratch/dragon/intel/liz0f/KEEPME/anz/ensembl_v97/Homo_sapiens.GRCh38.dna.primary_assembly.fa : chr # 169  "KI270334.1" chrStart: 3131834368
/scratch/dragon/intel/liz0f/KEEPME/anz/ensembl_v97/Homo_sapiens.GRCh38.dna.primary_assembly.fa : chr # 170  "KI270429.1" chrStart: 3132096512
/scratch/dragon/intel/liz0f/KEEPME/anz/ensembl_v97/Homo_sapiens.GRCh38.dna.primary_assembly.fa : chr # 171  "KI270393.1" chrStart: 3132358656
/scratch/dragon/intel/liz0f/KEEPME/anz/ensembl_v97/Homo_sapiens.GRCh38.dna.primary_assembly.fa : chr # 172  "KI270516.1" chrStart: 3132620800
/scratch/dragon/intel/liz0f/KEEPME/anz/ensembl_v97/Homo_sapiens.GRCh38.dna.primary_assembly.fa : chr # 173  "KI270389.1" chrStart: 3132882944
/scratch/dragon/intel/liz0f/KEEPME/anz/ensembl_v97/Homo_sapiens.GRCh38.dna.primary_assembly.fa : chr # 174  "KI270466.1" chrStart: 3133145088
/scratch/dragon/intel/liz0f/KEEPME/anz/ensembl_v97/Homo_sapiens.GRCh38.dna.primary_assembly.fa : chr # 175  "KI270388.1" chrStart: 3133407232
/scratch/dragon/intel/liz0f/KEEPME/anz/ensembl_v97/Homo_sapiens.GRCh38.dna.primary_assembly.fa : chr # 176  "KI270544.1" chrStart: 3133669376
/scratch/dragon/intel/liz0f/KEEPME/anz/ensembl_v97/Homo_sapiens.GRCh38.dna.primary_assembly.fa : chr # 177  "KI270310.1" chrStart: 3133931520
/scratch/dragon/intel/liz0f/KEEPME/anz/ensembl_v97/Homo_sapiens.GRCh38.dna.primary_assembly.fa : chr # 178  "KI270412.1" chrStart: 3134193664
/scratch/dragon/intel/liz0f/KEEPME/anz/ensembl_v97/Homo_sapiens.GRCh38.dna.primary_assembly.fa : chr # 179  "KI270395.1" chrStart: 3134455808
/scratch/dragon/intel/liz0f/KEEPME/anz/ensembl_v97/Homo_sapiens.GRCh38.dna.primary_assembly.fa : chr # 180  "KI270376.1" chrStart: 3134717952
/scratch/dragon/intel/liz0f/KEEPME/anz/ensembl_v97/Homo_sapiens.GRCh38.dna.primary_assembly.fa : chr # 181  "KI270337.1" chrStart: 3134980096
/scratch/dragon/intel/liz0f/KEEPME/anz/ensembl_v97/Homo_sapiens.GRCh38.dna.primary_assembly.fa : chr # 182  "KI270335.1" chrStart: 3135242240
/scratch/dragon/intel/liz0f/KEEPME/anz/ensembl_v97/Homo_sapiens.GRCh38.dna.primary_assembly.fa : chr # 183  "KI270378.1" chrStart: 3135504384
/scratch/dragon/intel/liz0f/KEEPME/anz/ensembl_v97/Homo_sapiens.GRCh38.dna.primary_assembly.fa : chr # 184  "KI270379.1" chrStart: 3135766528
/scratch/dragon/intel/liz0f/KEEPME/anz/ensembl_v97/Homo_sapiens.GRCh38.dna.primary_assembly.fa : chr # 185  "KI270329.1" chrStart: 3136028672
/scratch/dragon/intel/liz0f/KEEPME/anz/ensembl_v97/Homo_sapiens.GRCh38.dna.primary_assembly.fa : chr # 186  "KI270419.1" chrStart: 3136290816
/scratch/dragon/intel/liz0f/KEEPME/anz/ensembl_v97/Homo_sapiens.GRCh38.dna.primary_assembly.fa : chr # 187  "KI270336.1" chrStart: 3136552960
/scratch/dragon/intel/liz0f/KEEPME/anz/ensembl_v97/Homo_sapiens.GRCh38.dna.primary_assembly.fa : chr # 188  "KI270312.1" chrStart: 3136815104
/scratch/dragon/intel/liz0f/KEEPME/anz/ensembl_v97/Homo_sapiens.GRCh38.dna.primary_assembly.fa : chr # 189  "KI270539.1" chrStart: 3137077248
/scratch/dragon/intel/liz0f/KEEPME/anz/ensembl_v97/Homo_sapiens.GRCh38.dna.primary_assembly.fa : chr # 190  "KI270385.1" chrStart: 3137339392
/scratch/dragon/intel/liz0f/KEEPME/anz/ensembl_v97/Homo_sapiens.GRCh38.dna.primary_assembly.fa : chr # 191  "KI270423.1" chrStart: 3137601536
/scratch/dragon/intel/liz0f/KEEPME/anz/ensembl_v97/Homo_sapiens.GRCh38.dna.primary_assembly.fa : chr # 192  "KI270392.1" chrStart: 3137863680
/scratch/dragon/intel/liz0f/KEEPME/anz/ensembl_v97/Homo_sapiens.GRCh38.dna.primary_assembly.fa : chr # 193  "KI270394.1" chrStart: 3138125824
Estimated genome size=3339387968   3138387968   201000000
GstrandBit=32
Number of SA indices: 5891698134
Apr 24 01:18:12 ... starting to sort Suffix Array. This may take a long time...
Number of chunks: 213;   chunks size limit: 269707680 bytes
Apr 24 01:18:24 ... sorting Suffix Array chunks and saving them to disk...
Writing 576 bytes into /scratch/dragon/intel/liz0f/KEEPME/anz/STAR_Firstindex/SA_4 ; empty space on disk = 648838645809152 bytes ... done
Writing 158643456 bytes into /scratch/dragon/intel/liz0f/KEEPME/anz/STAR_Firstindex/SA_21 ; empty space on disk = 648835458138112 bytes ... done
Writing 140047440 bytes into /scratch/dragon/intel/liz0f/KEEPME/anz/STAR_Firstindex/SA_39 ; empty space on disk = 648835290365952 bytes ... done
Writing 197968408 bytes into /scratch/dragon/intel/liz0f/KEEPME/anz/STAR_Firstindex/SA_20 ; empty space on disk = 648835147759616 bytes ... done
Writing 173391504 bytes into /scratch/dragon/intel/liz0f/KEEPME/anz/STAR_Firstindex/SA_9 ; empty space on disk = 648834929655808 bytes ... done
Writing 180420880 bytes into /scratch/dragon/intel/liz0f/KEEPME/anz/STAR_Firstindex/SA_36 ; empty space on disk = 648834753495040 bytes ... done
Writing 157059272 bytes into /scratch/dragon/intel/liz0f/KEEPME/anz/STAR_Firstindex/SA_43 ; empty space on disk = 648831632932864 bytes ... done
Writing 160289984 bytes into /scratch/dragon/intel/liz0f/KEEPME/anz/STAR_Firstindex/SA_50 ; empty space on disk = 648831473549312 bytes ... done
Writing 176218656 bytes into /scratch/dragon/intel/liz0f/KEEPME/anz/STAR_Firstindex/SA_38 ; empty space on disk = 648831297388544 bytes ... done
Writing 204767696 bytes into /scratch/dragon/intel/liz0f/KEEPME/anz/STAR_Firstindex/SA_35 ; empty space on disk = 648831112839168 bytes ... done
Writing 206909912 bytes into /scratch/dragon/intel/liz0f/KEEPME/anz/STAR_Firstindex/SA_25 ; empty space on disk = 648830903123968 bytes ... done
Writing 185120912 bytes into /scratch/dragon/intel/liz0f/KEEPME/anz/STAR_Firstindex/SA_37 ; empty space on disk = 648830693408768 bytes ... done
Writing 274629512 bytes into /scratch/dragon/intel/liz0f/KEEPME/anz/STAR_Firstindex/SA_53 ; empty space on disk = 648830500470784 bytes ... done
Writing 217446712 bytes into /scratch/dragon/intel/liz0f/KEEPME/anz/STAR_Firstindex/SA_32 ; empty space on disk = 648830223646720 bytes ... done
Writing 169900336 bytes into /scratch/dragon/intel/liz0f/KEEPME/anz/STAR_Firstindex/SA_44 ; empty space on disk = 648830005542912 bytes ... done
Writing 176517296 bytes into /scratch/dragon/intel/liz0f/KEEPME/anz/STAR_Firstindex/SA_28 ; empty space on disk = 648829829382144 bytes ... done
Writing 208915248 bytes into /scratch/dragon/intel/liz0f/KEEPME/anz/STAR_Firstindex/SA_33 ; empty space on disk = 648829636444160 bytes ... done
Writing 206650960 bytes into /scratch/dragon/intel/liz0f/KEEPME/anz/STAR_Firstindex/SA_51 ; empty space on disk = 648829409951744 bytes ... done
Writing 193960968 bytes into /scratch/dragon/intel/liz0f/KEEPME/anz/STAR_Firstindex/SA_13 ; empty space on disk = 648829191847936 bytes ... done
Writing 182570464 bytes into /scratch/dragon/intel/liz0f/KEEPME/anz/STAR_Firstindex/SA_6 ; empty space on disk = 648828990521344 bytes ... done
Writing 251686880 bytes into /scratch/dragon/intel/liz0f/KEEPME/anz/STAR_Firstindex/SA_19 ; empty space on disk = 648828805971968 bytes ... done
Writing 218081152 bytes into /scratch/dragon/intel/liz0f/KEEPME/anz/STAR_Firstindex/SA_10 ; empty space on disk = 648828537536512 bytes ...Writing 349221968 bytes into /scratch/dragon/intel/liz0f/KEEPME/anz/STAR_Firstindex/SA_15 ; empty space on disk = 648828537536512 bytes ... done
 done
Writing 311514168 bytes into /scratch/dragon/intel/liz0f/KEEPME/anz/STAR_Firstindex/SA_42 ; empty space on disk = 648827967111168 bytes ... done
Writing 190254192 bytes into /scratch/dragon/intel/liz0f/KEEPME/anz/STAR_Firstindex/SA_17 ; empty space on disk = 648827648344064 bytes ... done
Writing 243675976 bytes into /scratch/dragon/intel/liz0f/KEEPME/anz/STAR_Firstindex/SA_49 ; empty space on disk = 648827455406080 bytes ... done
Writing 166767144 bytes into /scratch/dragon/intel/liz0f/KEEPME/anz/STAR_Firstindex/SA_24 ; empty space on disk = 648827203747840 bytes ... done
Writing 232422952 bytes into /scratch/dragon/intel/liz0f/KEEPME/anz/STAR_Firstindex/SA_30 ; empty space on disk = 648827035975680 bytes ... done
Writing 260350264 bytes into /scratch/dragon/intel/liz0f/KEEPME/anz/STAR_Firstindex/SA_34 ; empty space on disk = 648826801094656 bytes ...Writing 218506552 bytes into /scratch/dragon/intel/liz0f/KEEPME/anz/STAR_Firstindex/SA_46 ; empty space on disk = 648826801094656 bytes ...Writing 229150192 bytes into /scratch/dragon/intel/liz0f/KEEPME/anz/STAR_Firstindex/SA_31 ; empty space on disk = 648826801094656 bytes ... done
 done
 done
Writing 232985656 bytes into /scratch/dragon/intel/liz0f/KEEPME/anz/STAR_Firstindex/SA_11 ; empty space on disk = 648826062897152 bytes ... done
Writing 232986248 bytes into /scratch/dragon/intel/liz0f/KEEPME/anz/STAR_Firstindex/SA_26 ; empty space on disk = 648825819627520 bytes ... done
Writing 279164656 bytes into /scratch/dragon/intel/liz0f/KEEPME/anz/STAR_Firstindex/SA_14 ; empty space on disk = 648825584746496 bytes ... done
Writing 180059520 bytes into /scratch/dragon/intel/liz0f/KEEPME/anz/STAR_Firstindex/SA_47 ; empty space on disk = 648825299533824 bytes ...Writing 263074256 bytes into /scratch/dragon/intel/liz0f/KEEPME/anz/STAR_Firstindex/SA_16 ; empty space on disk = 648825299533824 bytes ... done
 done
Writing 287928728 bytes into /scratch/dragon/intel/liz0f/KEEPME/anz/STAR_Firstindex/SA_5 ; empty space on disk = 648824838160384 bytes ...Writing 239975968 bytes into /scratch/dragon/intel/liz0f/KEEPME/anz/STAR_Firstindex/SA_22 ; empty space on disk = 648824838160384 bytes ...Writing 251686848 bytes into /scratch/dragon/intel/liz0f/KEEPME/anz/STAR_Firstindex/SA_52 ; empty space on disk = 648824838160384 bytes ... done
 done
 done
Writing 219632072 bytes into /scratch/dragon/intel/liz0f/KEEPME/anz/STAR_Firstindex/SA_40 ; empty space on disk = 648824032854016 bytes ... done
Writing 221796112 bytes into /scratch/dragon/intel/liz0f/KEEPME/anz/STAR_Firstindex/SA_23 ; empty space on disk = 648823806361600 bytes ... done
Writing 232422760 bytes into /scratch/dragon/intel/liz0f/KEEPME/anz/STAR_Firstindex/SA_48 ; empty space on disk = 648823571480576 bytes ... done
Writing 348732728 bytes into /scratch/dragon/intel/liz0f/KEEPME/anz/STAR_Firstindex/SA_12 ; empty space on disk = 648823336599552 bytes ... done
Writing 249543648 bytes into /scratch/dragon/intel/liz0f/KEEPME/anz/STAR_Firstindex/SA_18 ; empty space on disk = 648822959112192 bytes ... done
Writing 320306280 bytes into /scratch/dragon/intel/liz0f/KEEPME/anz/STAR_Firstindex/SA_8 ; empty space on disk = 648822707453952 bytes ... done
Writing 225321304 bytes into /scratch/dragon/intel/liz0f/KEEPME/anz/STAR_Firstindex/SA_7 ; empty space on disk = 648819813384192 bytes ... done
Writing 267574576 bytes into /scratch/dragon/intel/liz0f/KEEPME/anz/STAR_Firstindex/SA_29 ; empty space on disk = 648819578503168 bytes ... done
Writing 270535776 bytes into /scratch/dragon/intel/liz0f/KEEPME/anz/STAR_Firstindex/SA_1 ; empty space on disk = 648819293290496 bytes ... done
Writing 225657984 bytes into /scratch/dragon/intel/liz0f/KEEPME/anz/STAR_Firstindex/SA_54 ; empty space on disk = 648819016466432 bytes ... done
Writing 225322440 bytes into /scratch/dragon/intel/liz0f/KEEPME/anz/STAR_Firstindex/SA_41 ; empty space on disk = 648818789974016 bytes ... done
Writing 473007664 bytes into /scratch/dragon/intel/liz0f/KEEPME/anz/STAR_Firstindex/SA_3 ; empty space on disk = 648818563481600 bytes ... done
Writing 346685312 bytes into /scratch/dragon/intel/liz0f/KEEPME/anz/STAR_Firstindex/SA_2 ; empty space on disk = 648818060165120 bytes ... done
Writing 328240208 bytes into /scratch/dragon/intel/liz0f/KEEPME/anz/STAR_Firstindex/SA_45 ; empty space on disk = 648817707843584 bytes ... done
Writing 374644360 bytes into /scratch/dragon/intel/liz0f/KEEPME/anz/STAR_Firstindex/SA_27 ; empty space on disk = 648817372299264 bytes ... done
Writing 725537968 bytes into /scratch/dragon/intel/liz0f/KEEPME/anz/STAR_Firstindex/SA_0 ; empty space on disk = 648816986423296 bytes ... done
Writing 6904 bytes into /scratch/dragon/intel/liz0f/KEEPME/anz/STAR_Firstindex/SA_57 ; empty space on disk = 648810241982464 bytes ... done
Writing 7776 bytes into /scratch/dragon/intel/liz0f/KEEPME/anz/STAR_Firstindex/SA_100 ; empty space on disk = 648810241982464 bytes ... done
Writing 172133384 bytes into /scratch/dragon/intel/liz0f/KEEPME/anz/STAR_Firstindex/SA_96 ; empty space on disk = 648807373078528 bytes ... done
Writing 197785264 bytes into /scratch/dragon/intel/liz0f/KEEPME/anz/STAR_Firstindex/SA_61 ; empty space on disk = 648807196917760 bytes ... done
Writing 197785016 bytes into /scratch/dragon/intel/liz0f/KEEPME/anz/STAR_Firstindex/SA_55 ; empty space on disk = 648806995591168 bytes ... done
Writing 188546512 bytes into /scratch/dragon/intel/liz0f/KEEPME/anz/STAR_Firstindex/SA_78 ; empty space on disk = 648806777487360 bytes ... done
Writing 221528704 bytes into /scratch/dragon/intel/liz0f/KEEPME/anz/STAR_Firstindex/SA_71 ; empty space on disk = 648806584549376 bytes ... done
Writing 257262440 bytes into /scratch/dragon/intel/liz0f/KEEPME/anz/STAR_Firstindex/SA_67 ; empty space on disk = 648806358056960 bytes ...Writing 222299208 bytes into /scratch/dragon/intel/liz0f/KEEPME/anz/STAR_Firstindex/SA_63 ; empty space on disk = 648806358056960 bytes ... done
 done
Writing 206651184 bytes into /scratch/dragon/intel/liz0f/KEEPME/anz/STAR_Firstindex/SA_76 ; empty space on disk = 648805871517696 bytes ... done
Writing 170346472 bytes into /scratch/dragon/intel/liz0f/KEEPME/anz/STAR_Firstindex/SA_70 ; empty space on disk = 648805653413888 bytes ... done
Writing 257001680 bytes into /scratch/dragon/intel/liz0f/KEEPME/anz/STAR_Firstindex/SA_75 ; empty space on disk = 648805477253120 bytes ... done
Writing 241796776 bytes into /scratch/dragon/intel/liz0f/KEEPME/anz/STAR_Firstindex/SA_77 ; empty space on disk = 648802121809920 bytes ... done
Writing 217070184 bytes into /scratch/dragon/intel/liz0f/KEEPME/anz/STAR_Firstindex/SA_66 ; empty space on disk = 648801878540288 bytes ...Writing 181322680 bytes into /scratch/dragon/intel/liz0f/KEEPME/anz/STAR_Firstindex/SA_86 ; empty space on disk = 648801878540288 bytes ... done
 done
Writing 257262440 bytes into /scratch/dragon/intel/liz0f/KEEPME/anz/STAR_Firstindex/SA_82 ; empty space on disk = 648801475887104 bytes ... done
Writing 139077272 bytes into /scratch/dragon/intel/liz0f/KEEPME/anz/STAR_Firstindex/SA_102 ; empty space on disk = 648801207451648 bytes ... done
Writing 191263704 bytes into /scratch/dragon/intel/liz0f/KEEPME/anz/STAR_Firstindex/SA_69 ; empty space on disk = 648801048068096 bytes ... done
Writing 142245592 bytes into /scratch/dragon/intel/liz0f/KEEPME/anz/STAR_Firstindex/SA_108 ; empty space on disk = 648800855130112 bytes ... done
Writing 222313016 bytes into /scratch/dragon/intel/liz0f/KEEPME/anz/STAR_Firstindex/SA_81 ; empty space on disk = 648800712523776 bytes ... done
Writing 257001680 bytes into /scratch/dragon/intel/liz0f/KEEPME/anz/STAR_Firstindex/SA_94 ; empty space on disk = 648800477642752 bytes ...Writing 190466264 bytes into /scratch/dragon/intel/liz0f/KEEPME/anz/STAR_Firstindex/SA_74 ; empty space on disk = 648800477642752 bytes ... done
 done
Writing 169900488 bytes into /scratch/dragon/intel/liz0f/KEEPME/anz/STAR_Firstindex/SA_88 ; empty space on disk = 648800024657920 bytes ... done
Writing 242345864 bytes into /scratch/dragon/intel/liz0f/KEEPME/anz/STAR_Firstindex/SA_79 ; empty space on disk = 648799840108544 bytes ... done
Writing 201427280 bytes into /scratch/dragon/intel/liz0f/KEEPME/anz/STAR_Firstindex/SA_80 ; empty space on disk = 648799596838912 bytes ... done
Writing 206910136 bytes into /scratch/dragon/intel/liz0f/KEEPME/anz/STAR_Firstindex/SA_68 ; empty space on disk = 648799370346496 bytes ... done
Writing 266836664 bytes into /scratch/dragon/intel/liz0f/KEEPME/anz/STAR_Firstindex/SA_90 ; empty space on disk = 648799160631296 bytes ... done
Writing 222313016 bytes into /scratch/dragon/intel/liz0f/KEEPME/anz/STAR_Firstindex/SA_109 ; empty space on disk = 648798892195840 bytes ... done
Writing 149823552 bytes into /scratch/dragon/intel/liz0f/KEEPME/anz/STAR_Firstindex/SA_59 ; empty space on disk = 648798648926208 bytes ... done
Writing 175433680 bytes into /scratch/dragon/intel/liz0f/KEEPME/anz/STAR_Firstindex/SA_105 ; empty space on disk = 648798497931264 bytes ... done
Writing 202477640 bytes into /scratch/dragon/intel/liz0f/KEEPME/anz/STAR_Firstindex/SA_60 ; empty space on disk = 648798304993280 bytes ... done
Writing 209470352 bytes into /scratch/dragon/intel/liz0f/KEEPME/anz/STAR_Firstindex/SA_73 ; empty space on disk = 648798095278080 bytes ... done
Writing 219632304 bytes into /scratch/dragon/intel/liz0f/KEEPME/anz/STAR_Firstindex/SA_64 ; empty space on disk = 648797885562880 bytes ... done
Writing 267302744 bytes into /scratch/dragon/intel/liz0f/KEEPME/anz/STAR_Firstindex/SA_106 ; empty space on disk = 648797642293248 bytes ... done
Writing 237802800 bytes into /scratch/dragon/intel/liz0f/KEEPME/anz/STAR_Firstindex/SA_92 ; empty space on disk = 648797373857792 bytes ... done
Writing 202477640 bytes into /scratch/dragon/intel/liz0f/KEEPME/anz/STAR_Firstindex/SA_98 ; empty space on disk = 648797130588160 bytes ... done
Writing 236215832 bytes into /scratch/dragon/intel/liz0f/KEEPME/anz/STAR_Firstindex/SA_84 ; empty space on disk = 648796912484352 bytes ... done
Writing 262894912 bytes into /scratch/dragon/intel/liz0f/KEEPME/anz/STAR_Firstindex/SA_107 ; empty space on disk = 648796669214720 bytes ... done
Writing 279164656 bytes into /scratch/dragon/intel/liz0f/KEEPME/anz/STAR_Firstindex/SA_72 ; empty space on disk = 648796392390656 bytes ... done
Writing 208651200 bytes into /scratch/dragon/intel/liz0f/KEEPME/anz/STAR_Firstindex/SA_93 ; empty space on disk = 648796107177984 bytes ... done
Writing 223467944 bytes into /scratch/dragon/intel/liz0f/KEEPME/anz/STAR_Firstindex/SA_103 ; empty space on disk = 648795889074176 bytes ... done
Writing 259809456 bytes into /scratch/dragon/intel/liz0f/KEEPME/anz/STAR_Firstindex/SA_89 ; empty space on disk = 648795662581760 bytes ... done
Writing 255341544 bytes into /scratch/dragon/intel/liz0f/KEEPME/anz/STAR_Firstindex/SA_87 ; empty space on disk = 648795402534912 bytes ... done
Writing 223467944 bytes into /scratch/dragon/intel/liz0f/KEEPME/anz/STAR_Firstindex/SA_97 ; empty space on disk = 648795142488064 bytes ... done
Writing 191407736 bytes into /scratch/dragon/intel/liz0f/KEEPME/anz/STAR_Firstindex/SA_85 ; empty space on disk = 648794915995648 bytes ... done
Writing 262251576 bytes into /scratch/dragon/intel/liz0f/KEEPME/anz/STAR_Firstindex/SA_83 ; empty space on disk = 648794714669056 bytes ... done
Writing 249543832 bytes into /scratch/dragon/intel/liz0f/KEEPME/anz/STAR_Firstindex/SA_95 ; empty space on disk = 648794446233600 bytes ... done
Writing 267574824 bytes into /scratch/dragon/intel/liz0f/KEEPME/anz/STAR_Firstindex/SA_91 ; empty space on disk = 648794186186752 bytes ... done
Writing 225658344 bytes into /scratch/dragon/intel/liz0f/KEEPME/anz/STAR_Firstindex/SA_104 ; empty space on disk = 648793917751296 bytes ... done
Writing 268644208 bytes into /scratch/dragon/intel/liz0f/KEEPME/anz/STAR_Firstindex/SA_62 ; empty space on disk = 648793682870272 bytes ... done
Writing 473007664 bytes into /scratch/dragon/intel/liz0f/KEEPME/anz/STAR_Firstindex/SA_56 ; empty space on disk = 648791493443584 bytes ... done
Writing 271756752 bytes into /scratch/dragon/intel/liz0f/KEEPME/anz/STAR_Firstindex/SA_65 ; empty space on disk = 648791015292928 bytes ... done
Writing 348429288 bytes into /scratch/dragon/intel/liz0f/KEEPME/anz/STAR_Firstindex/SA_58 ; empty space on disk = 648790738468864 bytes ... done
Writing 346685312 bytes into /scratch/dragon/intel/liz0f/KEEPME/anz/STAR_Firstindex/SA_99 ; empty space on disk = 648790386147328 bytes ... done
Writing 358593720 bytes into /scratch/dragon/intel/liz0f/KEEPME/anz/STAR_Firstindex/SA_101 ; empty space on disk = 648790033825792 bytes ... done
Writing 166767424 bytes into /scratch/dragon/intel/liz0f/KEEPME/anz/STAR_Firstindex/SA_110 ; empty space on disk = 648786284118016 bytes ... done
Writing 4400 bytes into /scratch/dragon/intel/liz0f/KEEPME/anz/STAR_Firstindex/SA_152 ; empty space on disk = 648786107957248 bytes ... done
Writing 128401448 bytes into /scratch/dragon/intel/liz0f/KEEPME/anz/STAR_Firstindex/SA_133 ; empty space on disk = 648783826255872 bytes ... done
Writing 102319304 bytes into /scratch/dragon/intel/liz0f/KEEPME/anz/STAR_Firstindex/SA_136 ; empty space on disk = 648783692038144 bytes ... done
Writing 142969880 bytes into /scratch/dragon/intel/liz0f/KEEPME/anz/STAR_Firstindex/SA_134 ; empty space on disk = 648783582986240 bytes ... done
Writing 103725824 bytes into /scratch/dragon/intel/liz0f/KEEPME/anz/STAR_Firstindex/SA_126 ; empty space on disk = 648783431991296 bytes ... done
Writing 130978992 bytes into /scratch/dragon/intel/liz0f/KEEPME/anz/STAR_Firstindex/SA_145 ; empty space on disk = 648783322939392 bytes ... done
Writing 136383568 bytes into /scratch/dragon/intel/liz0f/KEEPME/anz/STAR_Firstindex/SA_148 ; empty space on disk = 648783180333056 bytes ... done
Writing 170346472 bytes into /scratch/dragon/intel/liz0f/KEEPME/anz/STAR_Firstindex/SA_112 ; empty space on disk = 648783037726720 bytes ... done
Writing 161514088 bytes into /scratch/dragon/intel/liz0f/KEEPME/anz/STAR_Firstindex/SA_119 ; empty space on disk = 648782861565952 bytes ... done
Writing 187060120 bytes into /scratch/dragon/intel/liz0f/KEEPME/anz/STAR_Firstindex/SA_131 ; empty space on disk = 648782693793792 bytes ... done
Writing 157059360 bytes into /scratch/dragon/intel/liz0f/KEEPME/anz/STAR_Firstindex/SA_141 ; empty space on disk = 648782500855808 bytes ...Writing 136383568 bytes into /scratch/dragon/intel/liz0f/KEEPME/anz/STAR_Firstindex/SA_154 ; empty space on disk = 648782500855808 bytes ...Writing 172133384 bytes into /scratch/dragon/intel/liz0f/KEEPME/anz/STAR_Firstindex/SA_155 ; empty space on disk = 648782500855808 bytes ... done
 done
 done
Writing 151142472 bytes into /scratch/dragon/intel/liz0f/KEEPME/anz/STAR_Firstindex/SA_138 ; empty space on disk = 648782022705152 bytes ... done
Writing 186609208 bytes into /scratch/dragon/intel/liz0f/KEEPME/anz/STAR_Firstindex/SA_118 ; empty space on disk = 648781863321600 bytes ... done
Writing 126024328 bytes into /scratch/dragon/intel/liz0f/KEEPME/anz/STAR_Firstindex/SA_140 ; empty space on disk = 648781670383616 bytes ... done
Writing 177451912 bytes into /scratch/dragon/intel/liz0f/KEEPME/anz/STAR_Firstindex/SA_137 ; empty space on disk = 648781611663360 bytes ... done
Writing 184749400 bytes into /scratch/dragon/intel/liz0f/KEEPME/anz/STAR_Firstindex/SA_129 ; empty space on disk = 648781351616512 bytes ... done
Writing 130978992 bytes into /scratch/dragon/intel/liz0f/KEEPME/anz/STAR_Firstindex/SA_115 ; empty space on disk = 648781141901312 bytes ... done
Writing 139077272 bytes into /scratch/dragon/intel/liz0f/KEEPME/anz/STAR_Firstindex/SA_149 ; empty space on disk = 648781007683584 bytes ... done
Writing 245727112 bytes into /scratch/dragon/intel/liz0f/KEEPME/anz/STAR_Firstindex/SA_135 ; empty space on disk = 648777400582144 bytes ... done
Writing 131702016 bytes into /scratch/dragon/intel/liz0f/KEEPME/anz/STAR_Firstindex/SA_158 ; empty space on disk = 648777148923904 bytes ... done
Writing 181081624 bytes into /scratch/dragon/intel/liz0f/KEEPME/anz/STAR_Firstindex/SA_130 ; empty space on disk = 648777014706176 bytes ... done
Writing 160290200 bytes into /scratch/dragon/intel/liz0f/KEEPME/anz/STAR_Firstindex/SA_117 ; empty space on disk = 648776821768192 bytes ... done
Writing 190466264 bytes into /scratch/dragon/intel/liz0f/KEEPME/anz/STAR_Firstindex/SA_146 ; empty space on disk = 648776653996032 bytes ... done
Writing 229002112 bytes into /scratch/dragon/intel/liz0f/KEEPME/anz/STAR_Firstindex/SA_127 ; empty space on disk = 648776645607424 bytes ... done
Writing 142245592 bytes into /scratch/dragon/intel/liz0f/KEEPME/anz/STAR_Firstindex/SA_122 ; empty space on disk = 648776226177024 bytes ... done
Writing 154557112 bytes into /scratch/dragon/intel/liz0f/KEEPME/anz/STAR_Firstindex/SA_162 ; empty space on disk = 648776083570688 bytes ... done
Writing 183469800 bytes into /scratch/dragon/intel/liz0f/KEEPME/anz/STAR_Firstindex/SA_121 ; empty space on disk = 648775924187136 bytes ... done
Writing 176218792 bytes into /scratch/dragon/intel/liz0f/KEEPME/anz/STAR_Firstindex/SA_159 ; empty space on disk = 648775739637760 bytes ... done
Writing 204485664 bytes into /scratch/dragon/intel/liz0f/KEEPME/anz/STAR_Firstindex/SA_132 ; empty space on disk = 648775555088384 bytes ... done
Writing 155785520 bytes into /scratch/dragon/intel/liz0f/KEEPME/anz/STAR_Firstindex/SA_128 ; empty space on disk = 648775336984576 bytes ...Writing 173393008 bytes into /scratch/dragon/intel/liz0f/KEEPME/anz/STAR_Firstindex/SA_124 ; empty space on disk = 648775336984576 bytes ... done
 done
Writing 178998032 bytes into /scratch/dragon/intel/liz0f/KEEPME/anz/STAR_Firstindex/SA_114 ; empty space on disk = 648775001440256 bytes ...Writing 217070184 bytes into /scratch/dragon/intel/liz0f/KEEPME/anz/STAR_Firstindex/SA_123 ; empty space on disk = 648775001440256 bytes ... done
 done
Writing 274629512 bytes into /scratch/dragon/intel/liz0f/KEEPME/anz/STAR_Firstindex/SA_156 ; empty space on disk = 648774598787072 bytes ... done
Writing 266218960 bytes into /scratch/dragon/intel/liz0f/KEEPME/anz/STAR_Firstindex/SA_142 ; empty space on disk = 648774321963008 bytes ...Writing 247387528 bytes into /scratch/dragon/intel/liz0f/KEEPME/anz/STAR_Firstindex/SA_139 ; empty space on disk = 648774321963008 bytes ... done
 done
Writing 149823552 bytes into /scratch/dragon/intel/liz0f/KEEPME/anz/STAR_Firstindex/SA_150 ; empty space on disk = 648773801869312 bytes ... done
Writing 176517464 bytes into /scratch/dragon/intel/liz0f/KEEPME/anz/STAR_Firstindex/SA_143 ; empty space on disk = 648773650874368 bytes ... done
Writing 198875888 bytes into /scratch/dragon/intel/liz0f/KEEPME/anz/STAR_Firstindex/SA_144 ; empty space on disk = 648773441159168 bytes ... done
Writing 190254576 bytes into /scratch/dragon/intel/liz0f/KEEPME/anz/STAR_Firstindex/SA_147 ; empty space on disk = 648773231443968 bytes ... done
Writing 193963368 bytes into /scratch/dragon/intel/liz0f/KEEPME/anz/STAR_Firstindex/SA_113 ; empty space on disk = 648773038505984 bytes ... done
Writing 275464512 bytes into /scratch/dragon/intel/liz0f/KEEPME/anz/STAR_Firstindex/SA_163 ; empty space on disk = 648772837179392 bytes ...Writing 255806808 bytes into /scratch/dragon/intel/liz0f/KEEPME/anz/STAR_Firstindex/SA_161 ; empty space on disk = 648772837179392 bytes ... done
 done
Writing 191263704 bytes into /scratch/dragon/intel/liz0f/KEEPME/anz/STAR_Firstindex/SA_165 ; empty space on disk = 648772300308480 bytes ... done
Writing 257172656 bytes into /scratch/dragon/intel/liz0f/KEEPME/anz/STAR_Firstindex/SA_120 ; empty space on disk = 648772107370496 bytes ... done
Writing 266680752 bytes into /scratch/dragon/intel/liz0f/KEEPME/anz/STAR_Firstindex/SA_111 ; empty space on disk = 648771838935040 bytes ... done
Writing 208651200 bytes into /scratch/dragon/intel/liz0f/KEEPME/anz/STAR_Firstindex/SA_116 ; empty space on disk = 648771570499584 bytes ... done
Writing 222550568 bytes into /scratch/dragon/intel/liz0f/KEEPME/anz/STAR_Firstindex/SA_157 ; empty space on disk = 648771360784384 bytes ... done
Writing 151253104 bytes into /scratch/dragon/intel/liz0f/KEEPME/anz/STAR_Firstindex/SA_164 ; empty space on disk = 648771125903360 bytes ... done
Writing 383205784 bytes into /scratch/dragon/intel/liz0f/KEEPME/anz/STAR_Firstindex/SA_153 ; empty space on disk = 648770966519808 bytes ... done
Writing 196200792 bytes into /scratch/dragon/intel/liz0f/KEEPME/anz/STAR_Firstindex/SA_160 ; empty space on disk = 648770572255232 bytes ... done
Writing 241459728 bytes into /scratch/dragon/intel/liz0f/KEEPME/anz/STAR_Firstindex/SA_125 ; empty space on disk = 648770370928640 bytes ... done
Writing 4016 bytes into /scratch/dragon/intel/liz0f/KEEPME/anz/STAR_Firstindex/SA_179 ; empty space on disk = 648770127659008 bytes ... done
Writing 224 bytes into /scratch/dragon/intel/liz0f/KEEPME/anz/STAR_Firstindex/SA_200 ; empty space on disk = 648767342641152 bytes ... done
Writing 270535776 bytes into /scratch/dragon/intel/liz0f/KEEPME/anz/STAR_Firstindex/SA_151 ; empty space on disk = 648767342641152 bytes ...Writing 1456 bytes into /scratch/dragon/intel/liz0f/KEEPME/anz/STAR_Firstindex/SA_195 ; empty space on disk = 648767267143680 bytes ... done
 done
Writing 7616 bytes into /scratch/dragon/intel/liz0f/KEEPME/anz/STAR_Firstindex/SA_212 ; empty space on disk = 648767065817088 bytes ... done
Writing 106278504 bytes into /scratch/dragon/intel/liz0f/KEEPME/anz/STAR_Firstindex/SA_174 ; empty space on disk = 648764289187840 bytes ... done
Writing 186609208 bytes into /scratch/dragon/intel/liz0f/KEEPME/anz/STAR_Firstindex/SA_188 ; empty space on disk = 648764171747328 bytes ... done
Writing 146335040 bytes into /scratch/dragon/intel/liz0f/KEEPME/anz/STAR_Firstindex/SA_181 ; empty space on disk = 648763978809344 bytes ... done
Writing 197968672 bytes into /scratch/dragon/intel/liz0f/KEEPME/anz/STAR_Firstindex/SA_190 ; empty space on disk = 648763827814400 bytes ... done
Writing 181322680 bytes into /scratch/dragon/intel/liz0f/KEEPME/anz/STAR_Firstindex/SA_198 ; empty space on disk = 648763626487808 bytes ... done
Writing 165349224 bytes into /scratch/dragon/intel/liz0f/KEEPME/anz/STAR_Firstindex/SA_197 ; empty space on disk = 648763441938432 bytes ... done
Writing 178998032 bytes into /scratch/dragon/intel/liz0f/KEEPME/anz/STAR_Firstindex/SA_205 ; empty space on disk = 648763257389056 bytes ... done
Writing 243676312 bytes into /scratch/dragon/intel/liz0f/KEEPME/anz/STAR_Firstindex/SA_170 ; empty space on disk = 648763072839680 bytes ... done
Writing 232409120 bytes into /scratch/dragon/intel/liz0f/KEEPME/anz/STAR_Firstindex/SA_172 ; empty space on disk = 648762821181440 bytes ... done
Writing 211893784 bytes into /scratch/dragon/intel/liz0f/KEEPME/anz/STAR_Firstindex/SA_185 ; empty space on disk = 648762586300416 bytes ...Writing 237802800 bytes into /scratch/dragon/intel/liz0f/KEEPME/anz/STAR_Firstindex/SA_169 ; empty space on disk = 648762586300416 bytes ... done
 done
Writing 241796776 bytes into /scratch/dragon/intel/liz0f/KEEPME/anz/STAR_Firstindex/SA_189 ; empty space on disk = 648762124926976 bytes ... done
Writing 262894912 bytes into /scratch/dragon/intel/liz0f/KEEPME/anz/STAR_Firstindex/SA_176 ; empty space on disk = 648761881657344 bytes ... done
Writing 198875888 bytes into /scratch/dragon/intel/liz0f/KEEPME/anz/STAR_Firstindex/SA_168 ; empty space on disk = 648761613221888 bytes ... done
Writing 260350576 bytes into /scratch/dragon/intel/liz0f/KEEPME/anz/STAR_Firstindex/SA_173 ; empty space on disk = 648761403506688 bytes ... done
Writing 308166112 bytes into /scratch/dragon/intel/liz0f/KEEPME/anz/STAR_Firstindex/SA_196 ; empty space on disk = 648761135071232 bytes ... done
Writing 175433680 bytes into /scratch/dragon/intel/liz0f/KEEPME/anz/STAR_Firstindex/SA_192 ; empty space on disk = 648760824692736 bytes ... done
Writing 196200792 bytes into /scratch/dragon/intel/liz0f/KEEPME/anz/STAR_Firstindex/SA_175 ; empty space on disk = 648760648531968 bytes ...Writing 311514168 bytes into /scratch/dragon/intel/liz0f/KEEPME/anz/STAR_Firstindex/SA_199 ; empty space on disk = 648760648531968 bytes ... done
 done
Writing 222550408 bytes into /scratch/dragon/intel/liz0f/KEEPME/anz/STAR_Firstindex/SA_191 ; empty space on disk = 648760120049664 bytes ... done
Writing 218506520 bytes into /scratch/dragon/intel/liz0f/KEEPME/anz/STAR_Firstindex/SA_183 ; empty space on disk = 648759893557248 bytes ... done
Writing 348732728 bytes into /scratch/dragon/intel/liz0f/KEEPME/anz/STAR_Firstindex/SA_166 ; empty space on disk = 648756680720384 bytes ...Writing 209469016 bytes into /scratch/dragon/intel/liz0f/KEEPME/anz/STAR_Firstindex/SA_206 ; empty space on disk = 648756680720384 bytes ... done
 done
Writing 229150400 bytes into /scratch/dragon/intel/liz0f/KEEPME/anz/STAR_Firstindex/SA_186 ; empty space on disk = 648756118683648 bytes ... done
Writing 237213488 bytes into /scratch/dragon/intel/liz0f/KEEPME/anz/STAR_Firstindex/SA_171 ; empty space on disk = 648755875414016 bytes ... done
Writing 237874240 bytes into /scratch/dragon/intel/liz0f/KEEPME/anz/STAR_Firstindex/SA_184 ; empty space on disk = 648755623755776 bytes ... done
Writing 237213488 bytes into /scratch/dragon/intel/liz0f/KEEPME/anz/STAR_Firstindex/SA_187 ; empty space on disk = 648755380486144 bytes ... done
Writing 259809456 bytes into /scratch/dragon/intel/liz0f/KEEPME/anz/STAR_Firstindex/SA_182 ; empty space on disk = 648755137216512 bytes ... done
Writing 320306280 bytes into /scratch/dragon/intel/liz0f/KEEPME/anz/STAR_Firstindex/SA_178 ; empty space on disk = 648754877169664 bytes ...Writing 287928728 bytes into /scratch/dragon/intel/liz0f/KEEPME/anz/STAR_Firstindex/SA_194 ; empty space on disk = 648754877169664 bytes ... done
 done
Writing 246976808 bytes into /scratch/dragon/intel/liz0f/KEEPME/anz/STAR_Firstindex/SA_167 ; empty space on disk = 648754256412672 bytes ... done
Writing 263072896 bytes into /scratch/dragon/intel/liz0f/KEEPME/anz/STAR_Firstindex/SA_207 ; empty space on disk = 648754004754432 bytes ... done
Writing 383205784 bytes into /scratch/dragon/intel/liz0f/KEEPME/anz/STAR_Firstindex/SA_208 ; empty space on disk = 648753727930368 bytes ... done
Writing 268644208 bytes into /scratch/dragon/intel/liz0f/KEEPME/anz/STAR_Firstindex/SA_193 ; empty space on disk = 648753342054400 bytes ... done
Writing 246977816 bytes into /scratch/dragon/intel/liz0f/KEEPME/anz/STAR_Firstindex/SA_204 ; empty space on disk = 648753065230336 bytes ... done
Writing 269471120 bytes into /scratch/dragon/intel/liz0f/KEEPME/anz/STAR_Firstindex/SA_202 ; empty space on disk = 648752805183488 bytes ... done
Writing 271756752 bytes into /scratch/dragon/intel/liz0f/KEEPME/anz/STAR_Firstindex/SA_177 ; empty space on disk = 648752528359424 bytes ... done
Writing 302679784 bytes into /scratch/dragon/intel/liz0f/KEEPME/anz/STAR_Firstindex/SA_201 ; empty space on disk = 648752251535360 bytes ... done
Writing 302679784 bytes into /scratch/dragon/intel/liz0f/KEEPME/anz/STAR_Firstindex/SA_180 ; empty space on disk = 648751941156864 bytes ... done
Writing 374644360 bytes into /scratch/dragon/intel/liz0f/KEEPME/anz/STAR_Firstindex/SA_203 ; empty space on disk = 648751630778368 bytes ... done
Writing 348429288 bytes into /scratch/dragon/intel/liz0f/KEEPME/anz/STAR_Firstindex/SA_210 ; empty space on disk = 648751244902400 bytes ... done
Writing 358593720 bytes into /scratch/dragon/intel/liz0f/KEEPME/anz/STAR_Firstindex/SA_209 ; empty space on disk = 648748283723776 bytes ... done
Writing 725537968 bytes into /scratch/dragon/intel/liz0f/KEEPME/anz/STAR_Firstindex/SA_211 ; empty space on disk = 648747923013632 bytes ... done
Apr 24 01:34:31 ... loading chunks from disk, packing SA...
Apr 24 01:36:02 ... finished generating suffix array
Apr 24 01:36:02 ... generating Suffix Array index
Apr 24 01:38:59 ... completed Suffix Array index
Apr 24 01:38:59 ..... processing annotations GTF
Processing pGe.sjdbGTFfile=/scratch/dragon/intel/liz0f/KEEPME/anz/ensembl_v97/Homo_sapiens.GRCh38.97.chr.gtf, found:
		226721 transcripts
		1362975 exons (non-collapsed)
		382059 collapsed junctions
Apr 24 01:39:11 ..... finished GTF processing
Apr 24 01:39:11   Loaded database junctions from the GTF file: /scratch/dragon/intel/liz0f/KEEPME/anz/ensembl_v97/Homo_sapiens.GRCh38.97.chr.gtf: 382059 total junctions

WARNING: long repeat for junction # 125983 : 15 88855522 88855578; left shift = 14; right shift = 255
Apr 24 01:39:12   Finished preparing junctions
Apr 24 01:39:12 ..... inserting junctions into the genome indices
Apr 24 01:39:30   Finished SA search: number of new junctions=382000, old junctions=0
Apr 24 01:40:12   Finished sorting SA indicesL nInd=152800000
Genome size with junctions=3215169968  3138387968   76782000
GstrandBit1=32   GstrandBit=32
Apr 24 01:41:17   Finished inserting junction indices
Apr 24 01:41:39   Finished SAi
Apr 24 01:41:39 ..... finished inserting junctions into genome
Apr 24 01:41:39 ... writing Genome to disk ...
Writing 3215169968 bytes into /scratch/dragon/intel/liz0f/KEEPME/anz/STAR_Firstindex/Genome ; empty space on disk = 648773407604736 bytes ... done
SA size in bytes: 24933554806
Apr 24 01:41:45 ... writing Suffix Array to disk ...
Writing 24933554806 bytes into /scratch/dragon/intel/liz0f/KEEPME/anz/STAR_Firstindex/SA ; empty space on disk = 648770186379264 bytes ... done
Apr 24 01:42:58 ... writing SAindex to disk
Writing 8 bytes into /scratch/dragon/intel/liz0f/KEEPME/anz/STAR_Firstindex/SAindex ; empty space on disk = 648739198861312 bytes ... done
Writing 120 bytes into /scratch/dragon/intel/liz0f/KEEPME/anz/STAR_Firstindex/SAindex ; empty space on disk = 648739198861312 bytes ... done
Writing 1565873491 bytes into /scratch/dragon/intel/liz0f/KEEPME/anz/STAR_Firstindex/SAindex ; empty space on disk = 648739198861312 bytes ... done
Apr 24 01:43:01 ..... finished successfully
DONE: Genome generation, EXITING
